     11 a
      7 the
      6 is
      6 and
      4 to
      4 of
      3 man
      3 for
      3 fish
      3 are
      2 you
      2 without
      2 test
      2 soon
      2 no
      2 money
      2 line
      2 him
      2 fool
      2 every
      1 your
      1 wrong
      1 worm
      1 won't
      1 will
      1 while
      1 weeks
      1 we
      1 visitors
      1 time
      1 three
      1 this
      1 there's
      1 their
      1 teach
      1 surf
      1 sucker
      1 stolen
      1 stink
      1 start
      1 sort
      1 session
      1 sale
      1 safe
      1 religion
      1 quoting
      1 quotes
      1 property
      1 party
      1 partners
      1 parted
      1 or
      1 now
      1 net
      1 minute
      1 men
      1 man's
      1 like
      1 life
      1 liberty
      1 legislature
      1 it
      1 island
      1 in
      1 if
      1 his
      1 here
      1 he
      1 goods
      1 good
      1 go
      1 give
      1 gets
      1 from
      1 feed
      1 end
      1 election
      1 early
      1 distinguishing
      1 days
      1 day
      1 contractions
      1 come
      1 can
      1 bother
      1 born
      1 bird
      1 bicycle
      1 auction
      1 at
      1 anything
      1 an
      1 all
      1 aid
      1 after
      1 advance
